[INFO ] 2023-08-16 02:39:39.907 [main] StoreTest - creating the account 
[INFO ] 2023-08-16 02:39:44.883 [main] StoreTest -  user is created the account 
[INFO ] 2023-08-16 02:39:44.899 [main] StoreTest - update the account 
[INFO ] 2023-08-16 02:39:46.232 [main] StoreTest -  user updated the account 
[INFO ] 2023-08-16 02:39:46.260 [main] StoreTest - delete the account 
[INFO ] 2023-08-16 02:39:47.546 [main] StoreTest -  user deleted the account 
[INFO ] 2023-08-16 02:43:39.505 [main] StoreTest - creating the account 
[INFO ] 2023-08-16 02:43:44.150 [main] StoreTest -  user is created the account 
[INFO ] 2023-08-16 02:43:44.157 [main] StoreTest - update the account 
[INFO ] 2023-08-16 02:43:45.539 [main] StoreTest -  user updated the account 
[INFO ] 2023-08-16 02:43:45.546 [main] StoreTest - delete the account 
[INFO ] 2023-08-16 02:43:46.827 [main] StoreTest -  user deleted the account 
[DEBUG] 2023-08-16 02:46:37.365 [main] StoreTest - creating the account 
[DEBUG] 2023-08-16 02:46:41.988 [main] StoreTest -  user is created the account 
[DEBUG] 2023-08-16 02:46:41.995 [main] StoreTest - update the account 
[DEBUG] 2023-08-16 02:46:43.280 [main] StoreTest -  user updated the account 
[DEBUG] 2023-08-16 02:46:43.289 [main] StoreTest - delete the account 
[DEBUG] 2023-08-16 02:46:44.536 [main] StoreTest -  user deleted the account 
[DEBUG] 2023-08-16 03:07:29.750 [main] StoreTest - creating the account 
[DEBUG] 2023-08-16 03:07:34.338 [main] StoreTest - update the account 
[DEBUG] 2023-08-16 03:07:35.733 [main] StoreTest - delete the account 
[DEBUG] 2023-08-16 03:08:31.475 [main] StoreTest - creating the account 
[DEBUG] 2023-08-16 03:08:36.533 [main] StoreTest - update the account 
[DEBUG] 2023-08-16 03:08:37.840 [main] StoreTest - delete the account 
[DEBUG] 2023-08-16 03:08:53.815 [main] StoreTest - creating the account 
[DEBUG] 2023-08-16 03:08:58.699 [main] StoreTest -  user is created the account 
[DEBUG] 2023-08-16 03:08:58.707 [main] StoreTest - update the account 
[DEBUG] 2023-08-16 03:08:59.991 [main] StoreTest -  user updated the account 
[DEBUG] 2023-08-16 03:08:59.997 [main] StoreTest - delete the account 
[DEBUG] 2023-08-16 03:09:01.288 [main] StoreTest -  user deleted the account 
[DEBUG] 2023-08-16 03:09:53.670 [main] StoreTest - creating the account 
[DEBUG] 2023-08-16 03:09:59.624 [main] StoreTest -  user is created the account 
[DEBUG] 2023-08-16 03:09:59.633 [main] StoreTest - update the account 
[DEBUG] 2023-08-16 03:10:00.907 [main] StoreTest -  user updated the account 
[DEBUG] 2023-08-16 03:10:00.915 [main] StoreTest - delete the account 
[DEBUG] 2023-08-16 03:10:02.221 [main] StoreTest -  user deleted the account 
