[DEBUG] 2023-08-27 05:46:33.729 [main] StoreTest - creating the account 
[DEBUG] 2023-08-27 05:46:38.520 [main] StoreTest -  user is created the account 
[DEBUG] 2023-08-27 05:46:38.531 [main] StoreTest - update the account 
[DEBUG] 2023-08-27 05:46:39.852 [main] StoreTest -  user updated the account 
[DEBUG] 2023-08-27 05:46:39.867 [main] StoreTest - delete the account 
[DEBUG] 2023-08-27 05:46:41.176 [main] StoreTest -  user deleted the account 
[DEBUG] 2023-08-27 05:47:31.314 [main] StoreTest - creating the account 
[DEBUG] 2023-08-27 05:47:35.704 [main] StoreTest -  user is created the account 
[DEBUG] 2023-08-27 05:47:35.715 [main] StoreTest - update the account 
[DEBUG] 2023-08-27 05:47:37.549 [main] StoreTest -  user updated the account 
[DEBUG] 2023-08-27 05:47:37.562 [main] StoreTest - delete the account 
[DEBUG] 2023-08-27 05:47:38.832 [main] StoreTest -  user deleted the account 
[DEBUG] 2023-08-27 06:16:08.185 [main] StoreTest - creating the account 
[DEBUG] 2023-08-27 06:16:13.003 [main] StoreTest -  user is created the account 
[DEBUG] 2023-08-27 06:16:13.013 [main] StoreTest - update the account 
[DEBUG] 2023-08-27 06:16:14.511 [main] StoreTest -  user updated the account 
[DEBUG] 2023-08-27 06:16:14.524 [main] StoreTest - delete the account 
[DEBUG] 2023-08-27 06:16:15.832 [main] StoreTest -  user deleted the account 
[DEBUG] 2023-08-27 06:16:35.455 [main] StoreTest - creating the account 
[DEBUG] 2023-08-27 06:16:39.657 [main] StoreTest -  user is created the account 
[DEBUG] 2023-08-27 06:16:39.667 [main] StoreTest - update the account 
[DEBUG] 2023-08-27 06:16:40.987 [main] StoreTest -  user updated the account 
[DEBUG] 2023-08-27 06:16:40.997 [main] StoreTest - delete the account 
[DEBUG] 2023-08-27 06:16:42.766 [main] StoreTest -  user deleted the account 
